[INFO ] 2020-12-03 19:26:06.014 [AWT-EventQueue-0] Sign_up - New Staff Sign Up : Staff ID : 1801202
[INFO ] 2020-12-03 20:34:49.634 [AWT-EventQueue-0] Sign_up - New Student Sign Up : Student ID : 534
[INFO ] 2020-12-03 20:35:15.795 [AWT-EventQueue-0] Sign_up - New Student Sign Up : Student ID : 242
[INFO ] 2020-12-03 20:44:39.672 [AWT-EventQueue-0] Sign_up - New Student Sign Up : Student ID : 123
[INFO ] 2020-12-03 21:29:54.104 [AWT-EventQueue-0] Sign_up - New Student Sign Up : Student ID : 123
[INFO ] 2020-12-03 21:44:19.291 [AWT-EventQueue-0] Sign_up - New Student Sign Up : Student ID : 456
[INFO ] 2020-12-03 22:38:39.199 [AWT-EventQueue-0] Sign_up - New Student Sign Up : Student ID : 1801202
[INFO ] 2020-12-03 22:38:54.804 [AWT-EventQueue-0] Cover - Student Sign In: 1801202
[INFO ] 2020-12-03 22:44:36.121 [AWT-EventQueue-0] Cover - Student Sign In: 1801202
[INFO ] 2020-12-03 22:47:00.703 [AWT-EventQueue-0] Cover - Student Sign In: 1801202
[INFO ] 2020-12-03 22:47:29.508 [AWT-EventQueue-0] Cover - Student Sign In: 1801202
[INFO ] 2020-12-03 22:49:11.811 [AWT-EventQueue-0] Cover - Student Sign In: 1801202
[INFO ] 2020-12-03 22:51:54.737 [AWT-EventQueue-0] Cover - Student Sign In: 1801202
[INFO ] 2020-12-03 22:52:32.111 [AWT-EventQueue-0] Cover - Student Sign In: 1801202
[INFO ] 2020-12-03 22:53:11.269 [AWT-EventQueue-0] Cover - Student Sign In: 1801202
[INFO ] 2020-12-03 22:53:58.327 [AWT-EventQueue-0] Cover - Student Sign In: 1801202
[INFO ] 2020-12-03 22:54:29.122 [AWT-EventQueue-0] Cover - Student Sign In: 1801202
[INFO ] 2020-12-03 23:55:44.178 [AWT-EventQueue-0] Cover - Student Sign In: 1801202
[INFO ] 2020-12-03 23:55:49.464 [AWT-EventQueue-0] Student_Dashboard - Student ID: 1801202 Opted To Submit An Enquiry
[INFO ] 2020-12-03 23:55:54.937 [AWT-EventQueue-0] Student_Dashboard - Student ID: 1801202 Opted To Submit An Enquiry
[INFO ] 2020-12-03 23:56:13.767 [AWT-EventQueue-0] Submit_Enquiry - Student ID: 1801202 Submited A New Brand.
[INFO ] 2020-12-03 23:56:20.680 [AWT-EventQueue-0] Student_Dashboard - Student ID: 1801202 Opted To View Enquiry: 1
[INFO ] 2020-12-03 23:56:22.560 [AWT-EventQueue-0] View_Enquiry - Student ID: 1801202 Scheduled/Started A Live Session From View Enquiry
[INFO ] 2020-12-04 00:01:13.432 [AWT-EventQueue-0] Student_Dashboard - Student ID: 1801202 Opted To View Responses: 1
[INFO ] 2020-12-04 00:01:20.536 [AWT-EventQueue-0] Student_Dashboard - Student ID: 1801202 Opted To Edit Enquiry: 1
[INFO ] 2020-12-04 00:01:24.336 [AWT-EventQueue-0] Student_Dashboard - Student ID: 1801202 Opted To View Enquiry: 1
[INFO ] 2020-12-04 00:01:35.584 [AWT-EventQueue-0] Student_Dashboard - Student ID: 1801202 Opted To View Responses: 1
[INFO ] 2020-12-04 00:01:51.383 [AWT-EventQueue-0] Student_Dashboard - Student ID: 1801202 Opted To View Responses: 1
[INFO ] 2020-12-04 00:04:25.904 [AWT-EventQueue-0] Student_Dashboard - Student ID: 1801202 Opted To View Responses: 1
[INFO ] 2020-12-04 00:08:06.043 [AWT-EventQueue-0] Cover - Student Sign In: 1801202
[INFO ] 2020-12-04 00:08:17.295 [AWT-EventQueue-0] Student_Dashboard - Student ID: 1801202 Opted To View Enquiry: 1
[INFO ] 2020-12-04 00:17:42.761 [AWT-EventQueue-0] Cover - Student Sign In: 1801202
[INFO ] 2020-12-04 00:17:48.286 [AWT-EventQueue-0] Student_Dashboard - Student ID: 1801202 Opted To View Enquiry: 1
[INFO ] 2020-12-04 00:18:46.928 [AWT-EventQueue-0] Cover - Student Sign In: 1801202
[INFO ] 2020-12-04 00:19:02.102 [AWT-EventQueue-0] Student_Dashboard - Student ID: 1801202 Opted To View Enquiry: 1
[INFO ] 2020-12-04 00:19:44.156 [AWT-EventQueue-0] Cover - Student Sign In: 1801202
[INFO ] 2020-12-04 00:19:57.743 [AWT-EventQueue-0] Student_Dashboard - Student ID: 1801202 Opted To View Enquiry: 1
[INFO ] 2020-12-04 00:20:53.052 [AWT-EventQueue-0] Cover - Student Sign In: 1801202
[INFO ] 2020-12-04 00:20:55.694 [AWT-EventQueue-0] Student_Dashboard - Student ID: 1801202 Opted To View Enquiry: 1
[INFO ] 2020-12-04 00:21:00.423 [AWT-EventQueue-0] View_Enquiry - Student ID: 1801202 Scheduled/Started A Live Video Session From View Enquiry
[INFO ] 2020-12-04 00:22:30.115 [AWT-EventQueue-0] Cover - Student Sign In: 1801202
[INFO ] 2020-12-04 00:22:33.439 [AWT-EventQueue-0] Student_Dashboard - Student ID: 1801202 Opted To View Enquiry: 1
[INFO ] 2020-12-04 00:22:36.015 [AWT-EventQueue-0] View_Enquiry - Student ID: 1801202 Scheduled/Started A Live Video Session From View Enquiry
[INFO ] 2020-12-04 14:28:13.602 [AWT-EventQueue-0] Cover - Student Sign In: 1801202
[INFO ] 2020-12-04 14:31:09.781 [AWT-EventQueue-0] Student_Dashboard - Student ID: 1801202 Opted To View Enquiry: 1
